\BOOKMARK [1][-]{section.1}{Introduction}{}% 1
\BOOKMARK [1][-]{section.2}{Title, author and document numbers}{}% 2
\BOOKMARK [2][-]{subsection.2.1}{Authors and Contributors}{section.2}% 3
\BOOKMARK [2][-]{subsection.2.2}{Special author lists}{section.2}% 4
\BOOKMARK [2][-]{subsection.2.3}{Metadata commands}{section.2}% 5
\BOOKMARK [1][-]{section.3}{The atlasdoc class}{}% 6
\BOOKMARK [2][-]{subsection.3.1}{Dependencies and atlaspackage}{section.3}% 7
\BOOKMARK [2][-]{subsection.3.2}{Cover pages}{section.3}% 8
\BOOKMARK [2][-]{subsection.3.3}{CERN preprint and arXiv}{section.3}% 9
\BOOKMARK [2][-]{subsection.3.4}{ATLAS notes}{section.3}% 10
\BOOKMARK [2][-]{subsection.3.5}{Auxiliary material}{section.3}% 11
\BOOKMARK [1][-]{section.4}{The ATLAS preprint style}{}% 12
\BOOKMARK [1][-]{section.5}{Symbols in atlasphysics.sty}{}% 13
\BOOKMARK [1][-]{section.6}{atlaslatex directories and SVN}{}% 14
\BOOKMARK [1][-]{section.7}{Installation of atlaslatex in texmf tree}{}% 15
\BOOKMARK [1][-]{section.8}{Platforms and LaTeX Versions}{}% 16
\BOOKMARK [1][-]{section.9}{Journal templates}{}% 17
\BOOKMARK [1][-]{section.10}{Miscellaneous LaTeX tips}{}% 18
\BOOKMARK [2][-]{subsection.10.1}{Line numbers}{section.10}% 19
\BOOKMARK [2][-]{subsection.10.2}{Definitions}{section.10}% 20
\BOOKMARK [2][-]{subsection.10.3}{Figures}{section.10}% 21
\BOOKMARK [2][-]{subsection.10.4}{Subfigures}{section.10}% 22
\BOOKMARK [2][-]{subsection.10.5}{Positions of figures and tables}{section.10}% 23
\BOOKMARK [2][-]{subsection.10.6}{pT or ET \205 that is the question}{section.10}% 24
\BOOKMARK [1][-]{section.11}{Remarks on units and symbols}{}% 25
\BOOKMARK [1][-]{section.12}{From atlasnote to atlasdoc}{}% 26
\BOOKMARK [1][-]{section.13}{Changes in atlascover-01-00-00}{}% 27
