\BOOKMARK [1][-]{section.1}{Introduction}{}% 1
\BOOKMARK [2][-]{subsection.1.1}{The ATLAS/CMS Dark Matter Forum}{section.1}% 2
\BOOKMARK [2][-]{subsection.1.2}{Grounding Assumptions}{section.1}% 3
\BOOKMARK [2][-]{subsection.1.3}{Choices of benchmarks considered in this report and parameter scans}{section.1}% 4
\BOOKMARK [2][-]{subsection.1.4}{Structure of this report and dissemination of results}{section.1}% 5
\BOOKMARK [1][-]{section.2}{Simplified models for all MET+X analyses}{}% 6
\BOOKMARK [2][-]{subsection.2.1}{Vector and axial vector mediator, s-channel exchange}{section.2}% 7
\BOOKMARK [3][-]{subsubsection.2.1.1}{Parameter scan}{subsection.2.1}% 8
\BOOKMARK [3][-]{subsubsection.2.1.2}{Additional considerations for V+E/4\2040-00-to4toto4E/4\2040-00-to4toto4E/4\2040-00-to4toto4E/4\2040-00-to4toto4T signatures}{subsection.2.1}% 9
\BOOKMARK [2][-]{subsection.2.2}{Scalar and pseudoscalar mediator, s-channel exchange}{section.2}% 10
\BOOKMARK [3][-]{subsubsection.2.2.1}{Parameter scan}{subsection.2.2}% 11
\BOOKMARK [3][-]{subsubsection.2.2.2}{Additional considerations for V+E/4\2040-00-to4toto4E/4\2040-00-to4toto4E/4\2040-00-to4toto4E/4\2040-00-to4toto4T signatures}{subsection.2.2}% 12
\BOOKMARK [3][-]{subsubsection.2.2.3}{Additional considerations for ttbar/bbbar+E/4\2040-00-to4toto4E/4\2040-00-to4toto4E/4\2040-00-to4toto4E/4\2040-00-to4toto4T signatures}{subsection.2.2}% 13
\BOOKMARK [2][-]{subsection.2.3}{Colored scalar mediator, t-channel exchange}{section.2}% 14
\BOOKMARK [3][-]{subsubsection.2.3.1}{Parameter scan}{subsection.2.3}% 15
\BOOKMARK [3][-]{subsubsection.2.3.2}{Additional considerations for V+E/4\2040-00-to4toto4E/4\2040-00-to4toto4E/4\2040-00-to4toto4E/4\2040-00-to4toto4T signatures}{subsection.2.3}% 16
\BOOKMARK [2][-]{subsection.2.4}{Additional considerations for signatures with b-quarks + E/4\2040-00-to4toto4E/4\2040-00-to4toto4E/4\2040-00-to4toto4E/4\2040-00-to4toto4T}{section.2}% 17
\BOOKMARK [1][-]{section.3}{ Spin-2 mediator}{}% 18
\BOOKMARK [1][-]{section.4}{Presentation of results for reinterpretation of s-channel mediator models}{}% 19
\BOOKMARK [2][-]{subsection.4.1}{Proposed parameter grid for cross-section scaling}{section.4}% 20
\BOOKMARK [2][-]{subsection.4.2}{Rescaling to different mediator width}{section.4}% 21
\BOOKMARK [2][-]{subsection.4.3}{Additional considerations for ttbar/bbbar+E/4\2040-00-to4toto4E/4\2040-00-to4toto4E/4\2040-00-to4toto4E/4\2040-00-to4toto4T signatures}{section.4}% 22
