\BOOKMARK [1][-]{section.1}{Motivations and models description}{}% 1
\BOOKMARK [2][-]{subsection.1.1}{Model structure}{section.1}% 2
\BOOKMARK [3][-]{subsubsection.1.1.1}{Resonant production}{subsection.1.1}% 3
\BOOKMARK [3][-]{subsubsection.1.1.2}{Non-resonant production}{subsection.1.1}% 4
\BOOKMARK [2][-]{subsection.1.2}{Simplifications}{section.1}% 5
\BOOKMARK [3][-]{subsubsection.1.2.1}{Flavour structure}{subsection.1.2}% 6
\BOOKMARK [3][-]{subsubsection.1.2.2}{Chiral structure}{subsection.1.2}% 7
\BOOKMARK [2][-]{subsection.1.3}{Notations}{section.1}% 8
\BOOKMARK [1][-]{section.2}{Collider signatures}{}% 9
\BOOKMARK [2][-]{subsection.2.1}{Search strategy}{section.2}% 10
\BOOKMARK [3][-]{subsubsection.2.1.1}{t+ETmiss final state}{subsection.2.1}% 11
\BOOKMARK [3][-]{subsubsection.2.1.2}{tt+X final state}{subsection.2.1}% 12
\BOOKMARK [3][-]{subsubsection.2.1.3}{Combination of tt+X and t+ETmiss analysis for the non-resonant production}{subsection.2.1}% 13
\BOOKMARK [2][-]{subsection.2.2}{Relevant model parameters}{section.2}% 14
\BOOKMARK [2][-]{subsection.2.3}{Practical implementation}{section.2}% 15
\BOOKMARK [1][-]{table.caption.7}{References}{}% 16
\BOOKMARK [0][-]{part*.9}{Appendix}{}% 17
\BOOKMARK [1][-]{appendix.A}{Cross-sections}{part*.9}% 18
\BOOKMARK [1][-]{appendix.B}{Mediator width effects for the non-resonant model}{part*.9}% 19
\BOOKMARK [2][-]{subsection.B.1}{Effects on the tV production}{appendix.B}% 20
\BOOKMARK [2][-]{subsection.B.2}{Effects on the tt+X final state}{appendix.B}% 21
\BOOKMARK [2][-]{subsection.B.3}{Comparison of gu tV\(tbaru\) and uutt processes}{appendix.B}% 22
\BOOKMARK [1][-]{appendix.C}{Signal and background distributions \(tt+X final state\)}{part*.9}% 23
