This is pdfTeX, Version 3.14159265-2.6-1.40.15 (TeX Live 2015/dev/Debian) (preloaded format=pdflatex 2015.4.19)  25 APR 2015 10:06
entering extended mode
 restricted \write18 enabled.
 %&-line parsing enabled.
**main.tex
(./main.tex
LaTeX2e <2014/05/01>
Babel <3.9l> and hyphenation patterns for 2 languages loaded.
(/usr/share/texlive/texmf-dist/tex/latex/base/report.cls
Document Class: report 2014/09/29 v1.4h Standard LaTeX document class
(/usr/share/texlive/texmf-dist/tex/latex/base/size10.clo
File: size10.clo 2014/09/29 v1.4h Standard LaTeX file (size option)
)
\c@part=\count79
\c@chapter=\count80
\c@section=\count81
\c@subsection=\count82
\c@subsubsection=\count83
\c@paragraph=\count84
\c@subparagraph=\count85
\c@figure=\count86
\c@table=\count87
\abovecaptionskip=\skip41
\belowcaptionskip=\skip42
\bibindent=\dimen102
)
(/usr/share/texlive/texmf-dist/tex/latex/graphics/color.sty
Package: color 2014/04/23 v1.1a Standard LaTeX Color (DPC)

(/usr/share/texlive/texmf-dist/tex/latex/latexconfig/color.cfg
File: color.cfg 2007/01/18 v1.5 color configuration of teTeX/TeXLive
)
Package color Info: Driver file: pdftex.def on input line 137.

(/usr/share/texlive/texmf-dist/tex/latex/pdftex-def/pdftex.def
File: pdftex.def 2011/05/27 v0.06d Graphics/color for pdfTeX

(/usr/share/texlive/texmf-dist/tex/generic/oberdiek/infwarerr.sty
Package: infwarerr 2010/04/08 v1.3 Providing info/warning/error messages (HO)
)
(/usr/share/texlive/texmf-dist/tex/generic/oberdiek/ltxcmds.sty
Package: ltxcmds 2011/11/09 v1.22 LaTeX kernel commands for general use (HO)
)
\Gread@gobject=\count88
))
(/usr/share/texlive/texmf-dist/tex/latex/graphics/graphicx.sty
Package: graphicx 2014/04/25 v1.0g Enhanced LaTeX Graphics (DPC,SPQR)

(/usr/share/texlive/texmf-dist/tex/latex/graphics/keyval.sty
Package: keyval 2014/05/08 v1.15 key=value parser (DPC)
\KV@toks@=\toks14
)
(/usr/share/texlive/texmf-dist/tex/latex/graphics/graphics.sty
Package: graphics 2009/02/05 v1.0o Standard LaTeX Graphics (DPC,SPQR)

(/usr/share/texlive/texmf-dist/tex/latex/graphics/trig.sty
Package: trig 1999/03/16 v1.09 sin cos tan (DPC)
)
(/usr/share/texlive/texmf-dist/tex/latex/latexconfig/graphics.cfg
File: graphics.cfg 2010/04/23 v1.9 graphics configuration of TeX Live
)
Package graphics Info: Driver file: pdftex.def on input line 91.
)
\Gin@req@height=\dimen103
\Gin@req@width=\dimen104
)
(/usr/share/texlive/texmf-dist/tex/latex/booktabs/booktabs.sty
Package: booktabs 2005/04/14 v1.61803 publication quality tables
\heavyrulewidth=\dimen105
\lightrulewidth=\dimen106
\cmidrulewidth=\dimen107
\belowrulesep=\dimen108
\belowbottomsep=\dimen109
\aboverulesep=\dimen110
\abovetopsep=\dimen111
\cmidrulesep=\dimen112
\cmidrulekern=\dimen113
\defaultaddspace=\dimen114
\@cmidla=\count89
\@cmidlb=\count90
\@aboverulesep=\dimen115
\@belowrulesep=\dimen116
\@thisruleclass=\count91
\@lastruleclass=\count92
\@thisrulewidth=\dimen117
)
(/usr/share/texlive/texmf-dist/tex/latex/tools/longtable.sty
Package: longtable 2014/10/28 v4.11 Multi-page Table package (DPC)
\LTleft=\skip43
\LTright=\skip44
\LTpre=\skip45
\LTpost=\skip46
\LTchunksize=\count93
\LTcapwidth=\dimen118
\LT@head=\box26
\LT@firsthead=\box27
\LT@foot=\box28
\LT@lastfoot=\box29
\LT@cols=\count94
\LT@rows=\count95
\c@LT@tables=\count96
\c@LT@chunks=\count97
\LT@p@ftn=\toks15
)
(/usr/share/texlive/texmf-dist/tex/latex/amsmath/amsmath.sty
Package: amsmath 2013/01/14 v2.14 AMS math features
\@mathmargin=\skip47

For additional information on amsmath, use the `?' option.
(/usr/share/texlive/texmf-dist/tex/latex/amsmath/amstext.sty
Package: amstext 2000/06/29 v2.01

(/usr/share/texlive/texmf-dist/tex/latex/amsmath/amsgen.sty
File: amsgen.sty 1999/11/30 v2.0
\@emptytoks=\toks16
\ex@=\dimen119
))
(/usr/share/texlive/texmf-dist/tex/latex/amsmath/amsbsy.sty
Package: amsbsy 1999/11/29 v1.2d
\pmbraise@=\dimen120
)
(/usr/share/texlive/texmf-dist/tex/latex/amsmath/amsopn.sty
Package: amsopn 1999/12/14 v2.01 operator names
)
\inf@bad=\count98
LaTeX Info: Redefining \frac on input line 210.
\uproot@=\count99
\leftroot@=\count100
LaTeX Info: Redefining \overline on input line 306.
\classnum@=\count101
\DOTSCASE@=\count102
LaTeX Info: Redefining \ldots on input line 378.
LaTeX Info: Redefining \dots on input line 381.
LaTeX Info: Redefining \cdots on input line 466.
\Mathstrutbox@=\box30
\strutbox@=\box31
\big@size=\dimen121
LaTeX Font Info:    Redeclaring font encoding OML on input line 566.
LaTeX Font Info:    Redeclaring font encoding OMS on input line 567.
\macc@depth=\count103
\c@MaxMatrixCols=\count104
\dotsspace@=\muskip10
\c@parentequation=\count105
\dspbrk@lvl=\count106
\tag@help=\toks17
\row@=\count107
\column@=\count108
\maxfields@=\count109
\andhelp@=\toks18
\eqnshift@=\dimen122
\alignsep@=\dimen123
\tagshift@=\dimen124
\tagwidth@=\dimen125
\totwidth@=\dimen126
\lineht@=\dimen127
\@envbody=\toks19
\multlinegap=\skip48
\multlinetaggap=\skip49
\mathdisplay@stack=\toks20
LaTeX Info: Redefining \[ on input line 2665.
LaTeX Info: Redefining \] on input line 2666.
)
(/usr/share/texlive/texmf-dist/tex/latex/amsfonts/amssymb.sty
Package: amssymb 2013/01/14 v3.01 AMS font symbols

(/usr/share/texlive/texmf-dist/tex/latex/amsfonts/amsfonts.sty
Package: amsfonts 2013/01/14 v3.01 Basic AMSFonts support
\symAMSa=\mathgroup4
\symAMSb=\mathgroup5
LaTeX Font Info:    Overwriting math alphabet `\mathfrak' in version `bold'
(Font)                  U/euf/m/n --> U/euf/b/n on input line 106.
))
(/usr/share/texlive/texmf-dist/tex/latex/tools/bm.sty
Package: bm 2014/10/28 v1.1c Bold Symbol Support (DPC/FMi)
\symboldoperators=\mathgroup6
\symboldletters=\mathgroup7
\symboldsymbols=\mathgroup8
LaTeX Font Info:    Redeclaring math alphabet \mathbf on input line 137.
LaTeX Info: Redefining \bm on input line 203.
)
(/usr/share/texlive/texmf-dist/tex/latex/carlisle/slashed.sty
Package: slashed 1997/01/16 v0.01 Feynman Slashed Character Notation (DPC)
)
(/usr/share/texlive/texmf-dist/tex/latex/hyperref/hyperref.sty
Package: hyperref 2012/11/06 v6.83m Hypertext links for LaTeX

(/usr/share/texlive/texmf-dist/tex/generic/oberdiek/hobsub-hyperref.sty
Package: hobsub-hyperref 2012/05/28 v1.13 Bundle oberdiek, subset hyperref (HO)


(/usr/share/texlive/texmf-dist/tex/generic/oberdiek/hobsub-generic.sty
Package: hobsub-generic 2012/05/28 v1.13 Bundle oberdiek, subset generic (HO)
Package: hobsub 2012/05/28 v1.13 Construct package bundles (HO)
Package hobsub Info: Skipping package `infwarerr' (already loaded).
Package hobsub Info: Skipping package `ltxcmds' (already loaded).
Package: ifluatex 2010/03/01 v1.3 Provides the ifluatex switch (HO)
Package ifluatex Info: LuaTeX not detected.
Package: ifvtex 2010/03/01 v1.5 Detect VTeX and its facilities (HO)
Package ifvtex Info: VTeX not detected.
Package: intcalc 2007/09/27 v1.1 Expandable calculations with integers (HO)
Package: ifpdf 2011/01/30 v2.3 Provides the ifpdf switch (HO)
Package ifpdf Info: pdfTeX in PDF mode is detected.
Package: etexcmds 2011/02/16 v1.5 Avoid name clashes with e-TeX commands (HO)
Package etexcmds Info: Could not find \expanded.
(etexcmds)             That can mean that you are not using pdfTeX 1.50 or
(etexcmds)             that some package has redefined \expanded.
(etexcmds)             In the latter case, load this package earlier.
Package: kvsetkeys 2012/04/25 v1.16 Key value parser (HO)
Package: kvdefinekeys 2011/04/07 v1.3 Define keys (HO)
Package: pdftexcmds 2011/11/29 v0.20 Utility functions of pdfTeX for LuaTeX (HO
)
Package pdftexcmds Info: LuaTeX not detected.
Package pdftexcmds Info: \pdf@primitive is available.
Package pdftexcmds Info: \pdf@ifprimitive is available.
Package pdftexcmds Info: \pdfdraftmode found.
Package: pdfescape 2011/11/25 v1.13 Implements pdfTeX's escape features (HO)
Package: bigintcalc 2012/04/08 v1.3 Expandable calculations on big integers (HO
)
Package: bitset 2011/01/30 v1.1 Handle bit-vector datatype (HO)
Package: uniquecounter 2011/01/30 v1.2 Provide unlimited unique counter (HO)
)
Package hobsub Info: Skipping package `hobsub' (already loaded).
Package: letltxmacro 2010/09/02 v1.4 Let assignment for LaTeX macros (HO)
Package: hopatch 2012/05/28 v1.2 Wrapper for package hooks (HO)
Package: xcolor-patch 2011/01/30 xcolor patch
Package: atveryend 2011/06/30 v1.8 Hooks at the very end of document (HO)
Package atveryend Info: \enddocument detected (standard20110627).
Package: atbegshi 2011/10/05 v1.16 At begin shipout hook (HO)
Package: refcount 2011/10/16 v3.4 Data extraction from label references (HO)
Package: hycolor 2011/01/30 v1.7 Color options for hyperref/bookmark (HO)
)
(/usr/share/texlive/texmf-dist/tex/generic/ifxetex/ifxetex.sty
Package: ifxetex 2010/09/12 v0.6 Provides ifxetex conditional
)
(/usr/share/texlive/texmf-dist/tex/latex/oberdiek/auxhook.sty
Package: auxhook 2011/03/04 v1.3 Hooks for auxiliary files (HO)
)
(/usr/share/texlive/texmf-dist/tex/latex/oberdiek/kvoptions.sty
Package: kvoptions 2011/06/30 v3.11 Key value format for package options (HO)
)
\@linkdim=\dimen128
\Hy@linkcounter=\count110
\Hy@pagecounter=\count111

(/usr/share/texlive/texmf-dist/tex/latex/hyperref/pd1enc.def
File: pd1enc.def 2012/11/06 v6.83m Hyperref: PDFDocEncoding definition (HO)
)
\Hy@SavedSpaceFactor=\count112

(/usr/share/texlive/texmf-dist/tex/latex/latexconfig/hyperref.cfg
File: hyperref.cfg 2002/06/06 v1.2 hyperref configuration of TeXLive
)
Package hyperref Info: Hyper figures OFF on input line 4443.
Package hyperref Info: Link nesting OFF on input line 4448.
Package hyperref Info: Hyper index ON on input line 4451.
Package hyperref Info: Plain pages OFF on input line 4458.
Package hyperref Info: Backreferencing OFF on input line 4463.
Package hyperref Info: Implicit mode ON; LaTeX internals redefined.
Package hyperref Info: Bookmarks ON on input line 4688.
\c@Hy@tempcnt=\count113

(/usr/share/texlive/texmf-dist/tex/latex/url/url.sty
\Urlmuskip=\muskip11
Package: url 2013/09/16  ver 3.4  Verb mode for urls, etc.
)
LaTeX Info: Redefining \url on input line 5041.
\XeTeXLinkMargin=\dimen129
\Fld@menulength=\count114
\Field@Width=\dimen130
\Fld@charsize=\dimen131
Package hyperref Info: Hyper figures OFF on input line 6295.
Package hyperref Info: Link nesting OFF on input line 6300.
Package hyperref Info: Hyper index ON on input line 6303.
Package hyperref Info: backreferencing OFF on input line 6310.
Package hyperref Info: Link coloring OFF on input line 6315.
Package hyperref Info: Link coloring with OCG OFF on input line 6320.
Package hyperref Info: PDF/A mode OFF on input line 6325.
LaTeX Info: Redefining \ref on input line 6365.
LaTeX Info: Redefining \pageref on input line 6369.
\Hy@abspage=\count115
\c@Item=\count116
\c@Hfootnote=\count117
)

Package hyperref Message: Driver (autodetected): hpdftex.

(/usr/share/texlive/texmf-dist/tex/latex/hyperref/hpdftex.def
File: hpdftex.def 2012/11/06 v6.83m Hyperref driver for pdfTeX
\Fld@listcount=\count118
\c@bookmark@seq@number=\count119

(/usr/share/texlive/texmf-dist/tex/latex/oberdiek/rerunfilecheck.sty
Package: rerunfilecheck 2011/04/15 v1.7 Rerun checks for auxiliary files (HO)
Package uniquecounter Info: New unique counter `rerunfilecheck' on input line 2
82.
)
\Hy@SectionHShift=\skip50
)
(/usr/share/texlive/texmf-dist/tex/latex/xcolor/xcolor.sty
Package: xcolor 2007/01/21 v2.11 LaTeX color extensions (UK)

(/usr/share/texlive/texmf-dist/tex/latex/latexconfig/color.cfg
File: color.cfg 2007/01/18 v1.5 color configuration of teTeX/TeXLive
)
Package xcolor Info: Package option `usenames' ignored on input line 216.
Package xcolor Info: Driver file: pdftex.def on input line 225.
LaTeX Info: Redefining \color on input line 702.
Package xcolor Info: Model `cmy' substituted by `cmy0' on input line 1337.
Package xcolor Info: Model `hsb' substituted by `rgb' on input line 1341.
Package xcolor Info: Model `RGB' extended on input line 1353.
Package xcolor Info: Model `HTML' substituted by `rgb' on input line 1355.
Package xcolor Info: Model `Hsb' substituted by `hsb' on input line 1356.
Package xcolor Info: Model `tHsb' substituted by `hsb' on input line 1357.
Package xcolor Info: Model `HSB' substituted by `hsb' on input line 1358.
Package xcolor Info: Model `Gray' substituted by `gray' on input line 1359.
Package xcolor Info: Model `wave' substituted by `hsb' on input line 1360.

(/usr/share/texlive/texmf-dist/tex/latex/graphics/dvipsnam.def
File: dvipsnam.def 2014/04/23 v3.0j Driver-dependant file (DPC,SPQR)
))
(/usr/share/texlive/texmf-dist/tex/generic/ulem/ulem.sty
\UL@box=\box32
\UL@hyphenbox=\box33
\UL@skip=\skip51
\UL@hook=\toks21
\UL@height=\dimen132
\UL@pe=\count120
\UL@pixel=\dimen133
\ULC@box=\box34
Package: ulem 2012/05/18
\ULdepth=\dimen134
) (./main.aux)
\openout1 = `main.aux'.

LaTeX Font Info:    Checking defaults for OML/cmm/m/it on input line 56.
LaTeX Font Info:    ... okay on input line 56.
LaTeX Font Info:    Checking defaults for T1/cmr/m/n on input line 56.
LaTeX Font Info:    ... okay on input line 56.
LaTeX Font Info:    Checking defaults for OT1/cmr/m/n on input line 56.
LaTeX Font Info:    ... okay on input line 56.
LaTeX Font Info:    Checking defaults for OMS/cmsy/m/n on input line 56.
LaTeX Font Info:    ... okay on input line 56.
LaTeX Font Info:    Checking defaults for OMX/cmex/m/n on input line 56.
LaTeX Font Info:    ... okay on input line 56.
LaTeX Font Info:    Checking defaults for U/cmr/m/n on input line 56.
LaTeX Font Info:    ... okay on input line 56.
LaTeX Font Info:    Checking defaults for PD1/pdf/m/n on input line 56.
LaTeX Font Info:    ... okay on input line 56.

(/usr/share/texlive/texmf-dist/tex/context/base/supp-pdf.mkii
[Loading MPS to PDF converter (version 2006.09.02).]
\scratchcounter=\count121
\scratchdimen=\dimen135
\scratchbox=\box35
\nofMPsegments=\count122
\nofMParguments=\count123
\everyMPshowfont=\toks22
\MPscratchCnt=\count124
\MPscratchDim=\dimen136
\MPnumerator=\count125
\makeMPintoPDFobject=\count126
\everyMPtoPDFconversion=\toks23
) (/usr/share/texlive/texmf-dist/tex/latex/oberdiek/epstopdf-base.sty
Package: epstopdf-base 2010/02/09 v2.5 Base part for package epstopdf

(/usr/share/texlive/texmf-dist/tex/latex/oberdiek/grfext.sty
Package: grfext 2010/08/19 v1.1 Manage graphics extensions (HO)
)
Package grfext Info: Graphics extension search list:
(grfext)             [.png,.pdf,.jpg,.mps,.jpeg,.jbig2,.jb2,.PNG,.PDF,.JPG,.JPE
G,.JBIG2,.JB2,.eps]
(grfext)             \AppendGraphicsExtensions on input line 452.

(/usr/share/texlive/texmf-dist/tex/latex/latexconfig/epstopdf-sys.cfg
File: epstopdf-sys.cfg 2010/07/13 v1.3 Configuration of (r)epstopdf for TeX Liv
e
))
\AtBeginShipoutBox=\box36
Package hyperref Info: Link coloring OFF on input line 56.

(/usr/share/texlive/texmf-dist/tex/latex/hyperref/nameref.sty
Package: nameref 2012/10/27 v2.43 Cross-referencing by name of section

(/usr/share/texlive/texmf-dist/tex/generic/oberdiek/gettitlestring.sty
Package: gettitlestring 2010/12/03 v1.4 Cleanup title references (HO)
)
\c@section@level=\count127
)
LaTeX Info: Redefining \ref on input line 56.
LaTeX Info: Redefining \pageref on input line 56.
LaTeX Info: Redefining \nameref on input line 56.

(./main.out) (./main.out)
\@outlinefile=\write3
\openout3 = `main.out'.


Underfull \hbox (badness 10000) in paragraph at lines 60--64

 []

(./schannelscalar.tex
LaTeX Font Info:    Try loading font information for U+msa on input line 5.
 (/usr/share/texlive/texmf-dist/tex/latex/amsfonts/umsa.fd
File: umsa.fd 2013/01/14 v3.01 AMS symbols A
)
LaTeX Font Info:    Try loading font information for U+msb on input line 5.
 (/usr/share/texlive/texmf-dist/tex/latex/amsfonts/umsb.fd
File: umsb.fd 2013/01/14 v3.01 AMS symbols B
)

LaTeX Warning: Citation `Cotta:2013jna' on page 1 undefined on input line 11.


LaTeX Warning: Citation `Abdullah:2014lla' on page 1 undefined on input line 11
.

[1

{/var/lib/texmf/fonts/map/pdftex/updmap/pdftex.map}]

LaTeX Warning: Citation `Buckley:2014fba' on page 2 undefined on input line 33.


[2]
Overfull \hbox (20.62276pt too wide) in alignment at lines 55--58
 [][][] []
 []

) (./ttdm.tex

Package hyperref Warning: Token not allowed in a PDF string (PDFDocEncoding):
(hyperref)                removing `math shift' on input line 3.


Package hyperref Warning: Token not allowed in a PDF string (PDFDocEncoding):
(hyperref)                removing `math shift' on input line 3.


Overfull \hbox (7.13837pt too wide) in paragraph at lines 9--12
[]   |   []   |   []   |   []   |   []   |   []   |   []   |   []   |   []   | 
  []   |   []   |   []   |   []   |   []
 []

[3]
Overfull \hbox (7.16724pt too wide) in paragraph at lines 13--14
[]\OT1/cmr/m/n/10 Benchmark points have been se-lected to en-sure that[] |   []
   |   []   |   []
 []


LaTeX Warning: Reference `fig:scanPhi' on page 4 undefined on input line 17.


LaTeX Warning: Reference `fig:scanPhiPseudo' on page 4 undefined on input line 
17.


LaTeX Warning: Reference `fig:scanPhi' on page 4 undefined on input line 18.


LaTeX Warning: Reference `fig:scanPhiPseudo' on page 4 undefined on input line 
18.

<figures/MEt_chi1.pdf, id=50, 569.12625pt x 392.46625pt>
File: figures/MEt_chi1.pdf Graphic file (type pdf)

<use figures/MEt_chi1.pdf>
Package pdftex.def Info: figures/MEt_chi1.pdf used on input line 22.
(pdftex.def)             Requested size: 256.10445pt x 176.60817pt.

<figures/MEt_chi1_pseudo.pdf, id=51, 569.12625pt x 387.4475pt>
File: figures/MEt_chi1_pseudo.pdf Graphic file (type pdf)

<use figures/MEt_chi1_pseudo.pdf>
Package pdftex.def Info: figures/MEt_chi1_pseudo.pdf used on input line 32.
(pdftex.def)             Requested size: 256.10445pt x 174.34976pt.

<figures/MEt_diagonal_scan.pdf, id=52, 569.12625pt x 387.4475pt>
File: figures/MEt_diagonal_scan.pdf Graphic file (type pdf)

<use figures/MEt_diagonal_scan.pdf>
Package pdftex.def Info: figures/MEt_diagonal_scan.pdf used on input line 41.
(pdftex.def)             Requested size: 256.10445pt x 174.34976pt.


LaTeX Warning: Reference `tab:ttdm_benchmarks' on page 4 undefined on input lin
e 44.


LaTeX Warning: Reference `tab:ttdm_benchmarks' on page 4 undefined on input lin
e 44.


LaTeX Warning: Reference `fig:widthsmallscan' on page 4 undefined on input line
 53.


Overfull \hbox (5.63948pt too wide) in paragraph at lines 53--54
[]\OT1/cmr/m/n/10 Typically, |   []   |   []   |   []   |   []   |   []   |   [
]   |   []   |   []   |   []   |   []   |   []
 []

[4] <figures/MEt_smallwidth.pdf, id=59, 569.12625pt x 415.5525pt>
File: figures/MEt_smallwidth.pdf Graphic file (type pdf)

<use figures/MEt_smallwidth.pdf>
Package pdftex.def Info: figures/MEt_smallwidth.pdf used on input line 57.
(pdftex.def)             Requested size: 256.10445pt x 186.99689pt.


LaTeX Warning: Reference `fig:widthlargescan' on page 5 undefined on input line
 64.

[5 <./figures/MEt_chi1.pdf, page is rotated 90 degrees> <./figures/MEt_chi1_pse
udo.pdf, page is rotated 90 degrees>] [6 <./figures/MEt_diagonal_scan.pdf, page
 is rotated 90 degrees> <./figures/MEt_smallwidth.pdf, page is rotated 90 degre
es>] <figures/ScalarWidth.pdf, id=245, 569.12625pt x 387.4475pt>
File: figures/ScalarWidth.pdf Graphic file (type pdf)

<use figures/ScalarWidth.pdf>
Package pdftex.def Info: figures/ScalarWidth.pdf used on input line 68.
(pdftex.def)             Requested size: 256.10445pt x 174.34976pt.


LaTeX Warning: Reference `fig:xsec_scaling' on page 7 undefined on input line 7
7.


LaTeX Warning: Reference `subsec:xsectable' on page 7 undefined on input line 7
7.

<figures/xVSwom_mphi_400_mchi_1_proc_S.png, id=246, 497.86pt x 574.145pt>
File: figures/xVSwom_mphi_400_mchi_1_proc_S.png Graphic file (type png)

<use figures/xVSwom_mphi_400_mchi_1_proc_S.png>
Package pdftex.def Info: figures/xVSwom_mphi_400_mchi_1_proc_S.png used on inpu
t line 81.
(pdftex.def)             Requested size: 224.03493pt x 258.36285pt.


LaTeX Warning: Reference `tab:ttdm_benchmarks' on page 7 undefined on input lin
e 92.

[7 <./figures/ScalarWidth.pdf, page is rotated 90 degrees>] (./xsec_scalar.tex
Overfull \hbox (13.22984pt too wide) in alignment at lines 17--39
 [] [] [] [] [] 
 []

[8 <./figures/xVSwom_mphi_400_mchi_1_proc_S.png>]
Overfull \hbox (20.70847pt too wide) in alignment at lines 39--59
 [] [] [] [] [] 
 []


Overfull \hbox (20.70847pt too wide) in alignment at lines 59--79
 [] [] [] [] [] 
 []


Overfull \hbox (20.70847pt too wide) in alignment at lines 79--99
 [] [] [] [] [] 
 []

[9]
Overfull \hbox (20.70847pt too wide) in alignment at lines 99--119
 [] [] [] [] [] 
 []


Overfull \hbox (20.70847pt too wide) in alignment at lines 119--139
 [] [] [] [] [] 
 []

[10]
Overfull \hbox (20.70847pt too wide) in alignment at lines 139--159
 [] [] [] [] [] 
 []


Overfull \hbox (20.70847pt too wide) in alignment at lines 159--179
 [] [] [] [] [] 
 []

[11]
Overfull \hbox (20.70847pt too wide) in alignment at lines 179--199
 [] [] [] [] [] 
 []


Overfull \hbox (20.70847pt too wide) in alignment at lines 199--219
 [] [] [] [] [] 
 []

[12]
Overfull \hbox (20.70847pt too wide) in alignment at lines 219--239
 [] [] [] [] [] 
 []


Overfull \hbox (20.70847pt too wide) in alignment at lines 239--259
 [] [] [] [] [] 
 []

[13]
Overfull \hbox (20.70847pt too wide) in alignment at lines 259--279
 [] [] [] [] [] 
 []


Overfull \hbox (20.70847pt too wide) in alignment at lines 279--299
 [] [] [] [] [] 
 []

[14]
Overfull \hbox (20.70847pt too wide) in alignment at lines 299--319
 [] [] [] [] [] 
 []


Overfull \hbox (20.70847pt too wide) in alignment at lines 319--339
 [] [] [] [] [] 
 []

[15]
Overfull \hbox (20.70847pt too wide) in alignment at lines 339--359
 [] [] [] [] [] 
 []


Overfull \hbox (20.70847pt too wide) in alignment at lines 359--379
 [] [] [] [] [] 
 []

[16]
Overfull \hbox (20.70847pt too wide) in alignment at lines 379--399
 [] [] [] [] [] 
 []


Overfull \hbox (20.70847pt too wide) in alignment at lines 399--419
 [] [] [] [] [] 
 []

[17]
Overfull \hbox (20.70847pt too wide) in alignment at lines 419--439
 [] [] [] [] [] 
 []


Overfull \hbox (20.70847pt too wide) in alignment at lines 439--459
 [] [] [] [] [] 
 []


Overfull \hbox (20.70847pt too wide) in alignment at lines 459--461
 [] [] [] [] [] 
 []

[18]

Package longtable Warning: Column widths have changed
(longtable)                in table 2 on input line 461.

)) (./bibliography.tex [19]
Underfull \hbox (badness 1112) in paragraph at lines 30--35
[]\OT1/cmr/m/n/10 J. Ab-dal-lah, A. Ashke-nazi, A. Boveia, G. Bu-soni, A. De Si
-mone,
 []


Underfull \hbox (badness 1348) in paragraph at lines 38--42
[]\OT1/cmr/m/n/10 S. Ma-lik, C. Mc-Cabe, H. Araujo, O. Buch-mueller, A. De Roec
k,
 []

[20

]
Underfull \hbox (badness 1292) in paragraph at lines 316--322
[]\OT1/cmr/m/n/10 U. Haisch, F. Kahlhoe-fer and J. Un-win, JHEP \OT1/cmr/bx/n/1
0 1307\OT1/cmr/m/n/10 , 125 (2013)
 []

[21]
Underfull \hbox (badness 3199) in paragraph at lines 381--387
[]\OT1/cmr/m/n/10 U. Haisch, F. Kahlhoe-fer and E. Re, JHEP \OT1/cmr/bx/n/10 13
12\OT1/cmr/m/n/10 , 007 (2013)
 []


Underfull \hbox (badness 10000) in paragraph at lines 420--421
[]\OT1/cmr/m/n/10 U. Haisch, talk at DM @ LHC 2014,
 []


Underfull \hbox (badness 10000) in paragraph at lines 420--421
[]\OT1/cmr/m/n/10 http://indico.cern.ch/event/312657/session/1/ con-tri-bu-
 []

)

Package longtable Warning: Table widths have changed. Rerun LaTeX.

Package atveryend Info: Empty hook `BeforeClearDocument' on input line 69.
[22]
Package atveryend Info: Empty hook `AfterLastShipout' on input line 69.
 (./main.aux)
Package atveryend Info: Executing hook `AtVeryEndDocument' on input line 69.
Package atveryend Info: Executing hook `AtEndAfterFileList' on input line 69.


Package rerunfilecheck Warning: File `main.out' has changed.
(rerunfilecheck)                Rerun to get outlines right
(rerunfilecheck)                or use package `bookmark'.

Package rerunfilecheck Info: Checksums for `main.out':
(rerunfilecheck)             Before: 8B1E1E57890E9FB6E2B66707C59FA7CC;179
(rerunfilecheck)             After:  8C90629F10DC4BB6893148913555223F;385.

LaTeX Warning: There were undefined references.


LaTeX Warning: Label(s) may have changed. Rerun to get cross-references right.

Package atveryend Info: Empty hook `AtVeryVeryEnd' on input line 69.
 ) 
Here is how much of TeX's memory you used:
 7001 strings out of 495020
 98723 string characters out of 6181324
 205820 words of memory out of 5000000
 10019 multiletter control sequences out of 15000+600000
 12224 words of font info for 46 fonts, out of 8000000 for 9000
 14 hyphenation exceptions out of 8191
 29i,19n,35p,1491b,438s stack positions out of 5000i,500n,10000p,200000b,80000s
</usr/share/texlive/texmf-dist/fonts/type1/public/amsfonts/cm/cmbx10.pfb></us
r/share/texlive/texmf-dist/fonts/type1/public/amsfonts/cm/cmbx12.pfb></usr/shar
e/texlive/texmf-dist/fonts/type1/public/amsfonts/cm/cmex10.pfb></usr/share/texl
ive/texmf-dist/fonts/type1/public/amsfonts/cm/cmmi10.pfb></usr/share/texlive/te
xmf-dist/fonts/type1/public/amsfonts/cm/cmmi12.pfb></usr/share/texlive/texmf-di
st/fonts/type1/public/amsfonts/cm/cmmi5.pfb></usr/share/texlive/texmf-dist/font
s/type1/public/amsfonts/cm/cmmi7.pfb></usr/share/texlive/texmf-dist/fonts/type1
/public/amsfonts/cm/cmr10.pfb></usr/share/texlive/texmf-dist/fonts/type1/public
/amsfonts/cm/cmr12.pfb></usr/share/texlive/texmf-dist/fonts/type1/public/amsfon
ts/cm/cmr5.pfb></usr/share/texlive/texmf-dist/fonts/type1/public/amsfonts/cm/cm
r7.pfb></usr/share/texlive/texmf-dist/fonts/type1/public/amsfonts/cm/cmsy10.pfb
></usr/share/texlive/texmf-dist/fonts/type1/public/amsfonts/cm/cmsy7.pfb></usr/
share/texlive/texmf-dist/fonts/type1/public/amsfonts/cm/cmti10.pfb>
Output written on main.pdf (22 pages, 293544 bytes).
PDF statistics:
 491 PDF objects out of 1000 (max. 8388607)
 318 compressed objects within 4 object streams
 93 named destinations out of 1000 (max. 500000)
 55 words of extra memory for PDF output out of 10000 (max. 10000000)

